
 /----------------------------------------------------------------------------\
 |                                                                            |
 |  yosys -- Yosys Open SYnthesis Suite                                       |
 |                                                                            |
 |  Copyright (C) 2012 - 2020  Claire Xenia Wolf <claire@yosyshq.com>         |
 |                                                                            |
 |  Permission to use, copy, modify, and/or distribute this software for any  |
 |  purpose with or without fee is hereby granted, provided that the above    |
 |  copyright notice and this permission notice appear in all copies.         |
 |                                                                            |
 |  THE SOFTWARE IS PROVIDED "AS IS" AND THE AUTHOR DISCLAIMS ALL WARRANTIES  |
 |  WITH REGARD TO THIS SOFTWARE INCLUDING ALL IMPLIED WARRANTIES OF          |
 |  MERCHANTABILITY AND FITNESS. IN NO EVENT SHALL THE AUTHOR BE LIABLE FOR   |
 |  ANY SPECIAL, DIRECT, INDIRECT, OR CONSEQUENTIAL DAMAGES OR ANY DAMAGES    |
 |  WHATSOEVER RESULTING FROM LOSS OF USE, DATA OR PROFITS, WHETHER IN AN     |
 |  ACTION OF CONTRACT, NEGLIGENCE OR OTHER TORTIOUS ACTION, ARISING OUT OF   |
 |  OR IN CONNECTION WITH THE USE OR PERFORMANCE OF THIS SOFTWARE.            |
 |                                                                            |
 \----------------------------------------------------------------------------/

 Yosys 0.33 (git sha1 2584903a060)


-- Executing script file `design_prep.ys' --

1. Executing RTLIL frontend.
Input filename: design.il

2. Executing SCC pass (detecting logic loops).
Found 0 SCCs in module apb_uart.
Found 0 SCCs.

3. Executing SIMPLEMAP pass (map simple cells to gate primitives).

4. Executing MEMORY_NORDFF pass (extracting $dff cells from memories).

5. Executing ASYNC2SYNC pass.
Replacing apb_uart.$procdff$263 ($adff): ARST=\PRESETn, D=$0\tx_start[0:0], Q=\tx_start
Replacing apb_uart.$procdff$262 ($adff): ARST=\PRESETn, D=$0\rx_valid_flag[0:0], Q=\rx_valid_flag

6. Executing OPT_CLEAN pass (remove unused cells and wires).
Finding unused cells or wires in module \apb_uart..
Removed 3 unused cells and 3 unused wires.
<suppressed ~4 debug messages>

7. Executing FORMALFF pass.
Setting unused undefined initial value of apb_uart.$procdff$236 ($dff) from 1'x to 1'0
Setting unused undefined initial value of apb_uart.$procdff$237 ($dff) from 1'x to 1'0
Setting unused undefined initial value of apb_uart.$procdff$238 ($dff) from 1'x to 1'0

8. Executing OPT_CLEAN pass (remove unused cells and wires).
Finding unused cells or wires in module \apb_uart..
Removed 1 unused cells and 1 unused wires.
<suppressed ~2 debug messages>

9. Executing CHECK pass (checking for obvious problems).
Checking module apb_uart...
Warning: Wire apb_uart.\tx is used but has no driver.
Warning: Wire apb_uart.\rx_done is used but has no driver.
Warning: Wire apb_uart.\rx_data_out [7] is used but has no driver.
Warning: Wire apb_uart.\rx_data_out [6] is used but has no driver.
Warning: Wire apb_uart.\rx_data_out [5] is used but has no driver.
Warning: Wire apb_uart.\rx_data_out [4] is used but has no driver.
Warning: Wire apb_uart.\rx_data_out [3] is used but has no driver.
Warning: Wire apb_uart.\rx_data_out [2] is used but has no driver.
Warning: Wire apb_uart.\rx_data_out [1] is used but has no driver.
Warning: Wire apb_uart.\rx_data_out [0] is used but has no driver.
Warning: Wire apb_uart.\tx_active is used but has no driver.
Found and reported 11 problems.

10. Executing SETUNDEF pass (replace undef values with defined constants).

11. Executing OPT pass (performing simple optimizations).

11.1. Executing OPT_EXPR pass (perform const folding).
Optimizing module apb_uart.

11.2. Executing OPT_MERGE pass (detect identical cells).
Finding identical cells in module `\apb_uart'.
Removed a total of 0 cells.

11.3. Executing OPT_DFF pass (perform DFF optimizations).

11.4. Executing OPT_CLEAN pass (remove unused cells and wires).
Finding unused cells or wires in module \apb_uart..
Removed 0 unused cells and 10 unused wires.
<suppressed ~1 debug messages>

11.5. Finished fast OPT passes.

12. Executing OPT_CLEAN pass (remove unused cells and wires).
Finding unused cells or wires in module \apb_uart..
Removed 0 unused cells and 32 unused wires.
<suppressed ~1 debug messages>

13. Executing RTLIL backend.
Output filename: ../model/design_prep.il

Warnings: 11 unique messages, 11 total
End of script. Logfile hash: 8c8e0f327a, CPU: user 0.02s system 0.00s, MEM: 16.38 MB peak
Yosys 0.33 (git sha1 2584903a060)
Time spent: 41% 4x opt_clean (0 sec), 13% 1x opt_expr (0 sec), ...
