
 /----------------------------------------------------------------------------\
 |                                                                            |
 |  yosys -- Yosys Open SYnthesis Suite                                       |
 |                                                                            |
 |  Copyright (C) 2012 - 2020  Claire Xenia Wolf <claire@yosyshq.com>         |
 |                                                                            |
 |  Permission to use, copy, modify, and/or distribute this software for any  |
 |  purpose with or without fee is hereby granted, provided that the above    |
 |  copyright notice and this permission notice appear in all copies.         |
 |                                                                            |
 |  THE SOFTWARE IS PROVIDED "AS IS" AND THE AUTHOR DISCLAIMS ALL WARRANTIES  |
 |  WITH REGARD TO THIS SOFTWARE INCLUDING ALL IMPLIED WARRANTIES OF          |
 |  MERCHANTABILITY AND FITNESS. IN NO EVENT SHALL THE AUTHOR BE LIABLE FOR   |
 |  ANY SPECIAL, DIRECT, INDIRECT, OR CONSEQUENTIAL DAMAGES OR ANY DAMAGES    |
 |  WHATSOEVER RESULTING FROM LOSS OF USE, DATA OR PROFITS, WHETHER IN AN     |
 |  ACTION OF CONTRACT, NEGLIGENCE OR OTHER TORTIOUS ACTION, ARISING OUT OF   |
 |  OR IN CONNECTION WITH THE USE OR PERFORMANCE OF THIS SOFTWARE.            |
 |                                                                            |
 \----------------------------------------------------------------------------/

 Yosys 0.33 (git sha1 2584903a060)


-- Executing script file `design_smt2.ys' --

1. Executing RTLIL frontend.
Input filename: design_prep.il

2. Executing HIERARCHY pass (managing design hierarchy).

2.1. Analyzing design hierarchy..
Top module:  \alu

2.2. Analyzing design hierarchy..
Top module:  \alu
Removed 0 unused modules.

3. Executing FORMALFF pass.

4. Executing DFFUNMAP pass (unmap clock enable and synchronous reset from FFs).

5. Printing statistics.

=== alu ===

   Number of wires:                 83
   Number of wire bits:           2446
   Number of public wires:           4
   Number of public wire bits:     201
   Number of memories:               0
   Number of memory bits:            0
   Number of processes:              0
   Number of cells:                 80
     $add                            1
     $and                            3
     $div                            1
     $eq                            33
     $ge                             1
     $gt                             2
     $le                             1
     $logic_not                      4
     $lt                             2
     $mul                            1
     $mux                           10
     $ne                             2
     $not                            6
     $or                             5
     $pmux                           1
     $shl                            1
     $shr                            1
     $sshl                           1
     $sshr                           1
     $sub                            1
     $xor                            2

6. Executing SMT2 backend.

6.1. Executing BMUXMAP pass.

6.2. Executing DEMUXMAP pass.
Creating SMT-LIBv2 representation of module alu.

End of script. Logfile hash: adb463fab0, CPU: user 0.03s system 0.02s, MEM: 16.38 MB peak
Yosys 0.33 (git sha1 2584903a060)
Time spent: 65% 2x write_smt2 (0 sec), 21% 2x read_rtlil (0 sec), ...
